Text Classification with Neural Networks

TensorFlow/Keras environment for this work:
Numpy version:  1.19.2
TensorFlow version:  2.3.1
TensorFlow was built with CUDA:  False
TensorFlow running with GPU:  False
Keras version:  2.4.0
   Unnamed: 0                                              blurb       state
0           1  Using their own character, users go on educati...      failed
1           2  MicroFly is a quadcopter packed with WiFi, 6 s...  successful
2           3  A small indie press, run as a collective for a...      failed
3           4  Zylor is a new baby cosplayer! Back this kicks...      failed
4           5  Hatoful Boyfriend meet Skeletons! A comedy Dat...      failed
Index(['Unnamed: 0', 'blurb', 'state'], dtype='object')
Training vocabulary size with one out-of-vocabulary item:  82785

Integer codes for category labels:
{'successful': 0, 'failed': 1}

Label integers to category words:
{0: 'successful', 1: 'failed'}

Epoch-by-Epoch Training Process
Epoch 1/100
4063/4063 - 4s - loss: 0.6327 - accuracy: 0.6347 - val_loss: 0.6084 - val_accuracy: 0.6623
Epoch 2/100
4063/4063 - 4s - loss: 0.5880 - accuracy: 0.6846 - val_loss: 0.6083 - val_accuracy: 0.6642
Epoch 3/100
4063/4063 - 4s - loss: 0.5677 - accuracy: 0.7030 - val_loss: 0.6146 - val_accuracy: 0.6608

Time of execution for training (seconds):     11.593

Full training set accuracy: 0.7312 

Hold-out test set accuracy: 0.6566
{'loss': [0.6326606869697571, 0.5879915356636047, 0.5676608085632324], 'accuracy': [0.6347076892852783, 0.6846384406089783, 0.7029692530632019], 'val_loss': [0.6084303855895996, 0.6082704067230225, 0.6146264672279358], 'val_accuracy': [0.6622966527938843, 0.6641594171524048, 0.6608347296714783]}

Classification Report for Hold-out Test Set:

              precision    recall  f1-score   support

  successful       0.65      0.69      0.67     21571
      failed       0.67      0.62      0.64     21532

    accuracy                           0.66     43103
   macro avg       0.66      0.66      0.66     43103
weighted avg       0.66      0.66      0.66     43103

Test set F1 (weighted average): 0.6561 

Confusion matrix
(rows = true index value for category 
 columns = predicted index value for category)
[[14975  6596]
 [ 8204 13328]]

Label integers to category words:
{0: 'successful', 1: 'failed'} 

Word embeddings matrix dimensions (vocab_size, embeddings_dim):  (5000, 8) 

NEURAL NETWORK MODELING COMPLETE

TensorFlow/Keras environment for this work:
Numpy version:  1.19.2
TensorFlow version:  2.3.1
TensorFlow was built with CUDA:  False
TensorFlow running with GPU:  False
Keras version:  2.4.0

Word embeddings (TSV file of vectors):   1D-CNN|WORD_EMBEDDINGS|DROPOUT=0.0|file_embeddings_out.tsv
Vocabulary words (TSV file of metadata):  1D-CNN|WORD_EMBEDDINGS|DROPOUT=0.0|file_words_out.tsv
Load into http://projector.tensorflow.org/ to view embeddings

RUN COMPLETE

