Text Classification with Neural Networks

TensorFlow/Keras environment for this work:
Numpy version:  1.19.2
TensorFlow version:  2.3.1
TensorFlow was built with CUDA:  False
TensorFlow running with GPU:  False
Keras version:  2.4.0
   Unnamed: 0                                              blurb       state
0           1  Using their own character, users go on educati...      failed
1           2  MicroFly is a quadcopter packed with WiFi, 6 s...  successful
2           3  A small indie press, run as a collective for a...      failed
3           4  Zylor is a new baby cosplayer! Back this kicks...      failed
4           5  Hatoful Boyfriend meet Skeletons! A comedy Dat...      failed
Index(['Unnamed: 0', 'blurb', 'state'], dtype='object')
Training vocabulary size with one out-of-vocabulary item:  82785

Integer codes for category labels:
{'successful': 0, 'failed': 1}

Label integers to category words:
{0: 'successful', 1: 'failed'}

Epoch-by-Epoch Training Process
Epoch 1/100
4063/4063 - 60s - loss: 0.6727 - accuracy: 0.5645 - val_loss: 0.6611 - val_accuracy: 0.6144
Epoch 2/100
4063/4063 - 60s - loss: 0.6626 - accuracy: 0.5941 - val_loss: 0.6579 - val_accuracy: 0.6176
Epoch 3/100
4063/4063 - 63s - loss: 0.6595 - accuracy: 0.5979 - val_loss: 0.6543 - val_accuracy: 0.6221

Time of execution for training (seconds):    184.122

Full training set accuracy: 0.6323 

Hold-out test set accuracy: 0.6226
{'loss': [0.6727173328399658, 0.6626349091529846, 0.6594669222831726], 'accuracy': [0.5644845962524414, 0.5941076874732971, 0.5978922843933105], 'val_loss': [0.6610736846923828, 0.6578818559646606, 0.6542790532112122], 'val_accuracy': [0.6143833994865417, 0.6176373362541199, 0.6221174001693726]}

Classification Report for Hold-out Test Set:

              precision    recall  f1-score   support

  successful       0.63      0.59      0.61     21571
      failed       0.62      0.65      0.63     21532

    accuracy                           0.62     43103
   macro avg       0.62      0.62      0.62     43103
weighted avg       0.62      0.62      0.62     43103

Test set F1 (weighted average): 0.6222 

Confusion matrix
(rows = true index value for category 
 columns = predicted index value for category)
[[12791  8780]
 [ 7489 14043]]

Label integers to category words:
{0: 'successful', 1: 'failed'} 

NEURAL NETWORK MODELING COMPLETE

TensorFlow/Keras environment for this work:
Numpy version:  1.19.2
TensorFlow version:  2.3.1
TensorFlow was built with CUDA:  False
TensorFlow running with GPU:  False
Keras version:  2.4.0
Load into http://projector.tensorflow.org/ to view embeddings

RUN COMPLETE

