Text Classification with Neural Networks

TensorFlow/Keras environment for this work:
Numpy version:  1.19.2
TensorFlow version:  2.3.1
TensorFlow was built with CUDA:  False
TensorFlow running with GPU:  False
Keras version:  2.4.0
   Unnamed: 0                                              blurb       state
0           1  Using their own character, users go on educati...      failed
1           2  MicroFly is a quadcopter packed with WiFi, 6 s...  successful
2           3  A small indie press, run as a collective for a...      failed
3           4  Zylor is a new baby cosplayer! Back this kicks...      failed
4           5  Hatoful Boyfriend meet Skeletons! A comedy Dat...      failed
Index(['Unnamed: 0', 'blurb', 'state'], dtype='object')
Training vocabulary size with one out-of-vocabulary item:  82785

Integer codes for category labels:
{'failed': 0, 'successful': 1}

Label integers to category words:
{0: 'failed', 1: 'successful'}

Epoch-by-Epoch Training Process
Epoch 1/100
4063/4063 - 62s - loss: 0.6587 - accuracy: 0.6019 - val_loss: 0.6450 - val_accuracy: 0.6219
Epoch 2/100
4063/4063 - 61s - loss: 0.6450 - accuracy: 0.6205 - val_loss: 0.6429 - val_accuracy: 0.6218
Epoch 3/100
4063/4063 - 61s - loss: 0.6411 - accuracy: 0.6256 - val_loss: 0.6424 - val_accuracy: 0.6235

Time of execution for training (seconds):    184.851

Full training set accuracy: 0.6427 

Hold-out test set accuracy: 0.6224
{'loss': [0.6586843132972717, 0.6449609994888306, 0.6411350965499878], 'accuracy': [0.6019153594970703, 0.6204538345336914, 0.62564617395401], 'val_loss': [0.6450135111808777, 0.642907977104187, 0.6424150466918945], 'val_accuracy': [0.6219288110733032, 0.6217637062072754, 0.6234850287437439]}

Classification Report for Hold-out Test Set:

              precision    recall  f1-score   support

      failed       0.62      0.64      0.63     21532
  successful       0.63      0.60      0.61     21571

    accuracy                           0.62     43103
   macro avg       0.62      0.62      0.62     43103
weighted avg       0.62      0.62      0.62     43103

Test set F1 (weighted average): 0.6222 

Confusion matrix
(rows = true index value for category 
 columns = predicted index value for category)
[[13884  7648]
 [ 8627 12944]]

Label integers to category words:
{0: 'failed', 1: 'successful'} 

NEURAL NETWORK MODELING COMPLETE

TensorFlow/Keras environment for this work:
Numpy version:  1.19.2
TensorFlow version:  2.3.1
TensorFlow was built with CUDA:  False
TensorFlow running with GPU:  False
Keras version:  2.4.0
Load into http://projector.tensorflow.org/ to view embeddings

RUN COMPLETE

