Text Classification with Neural Networks

TensorFlow/Keras environment for this work:
Numpy version:  1.19.2
TensorFlow version:  2.3.1
TensorFlow was built with CUDA:  False
TensorFlow running with GPU:  False
Keras version:  2.4.0
   Unnamed: 0                                              blurb       state
0           1  Using their own character, users go on educati...      failed
1           2  MicroFly is a quadcopter packed with WiFi, 6 s...  successful
2           3  A small indie press, run as a collective for a...      failed
3           4  Zylor is a new baby cosplayer! Back this kicks...      failed
4           5  Hatoful Boyfriend meet Skeletons! A comedy Dat...      failed
Index(['Unnamed: 0', 'blurb', 'state'], dtype='object')
Training vocabulary size with one out-of-vocabulary item:  82785

Integer codes for category labels:
{'failed': 0, 'successful': 1}

Label integers to category words:
{0: 'failed', 1: 'successful'}

Epoch-by-Epoch Training Process
Epoch 1/100
4063/4063 - 32s - loss: 0.6759 - accuracy: 0.5717 - val_loss: 0.6581 - val_accuracy: 0.6090
Epoch 2/100
4063/4063 - 33s - loss: 0.6559 - accuracy: 0.6092 - val_loss: 0.6526 - val_accuracy: 0.6089
Epoch 3/100
4063/4063 - 33s - loss: 0.6437 - accuracy: 0.6226 - val_loss: 0.6523 - val_accuracy: 0.6075

Time of execution for training (seconds):     97.640

Full training set accuracy: 0.6690 

Hold-out test set accuracy: 0.6069
{'loss': [0.6758745908737183, 0.6558927297592163, 0.6437171101570129], 'accuracy': [0.5717307925224304, 0.6091923117637634, 0.622646152973175], 'val_loss': [0.6580763459205627, 0.6526284217834473, 0.6523132920265198], 'val_accuracy': [0.6090309023857117, 0.6089365482330322, 0.6074510812759399]}

Classification Report for Hold-out Test Set:

              precision    recall  f1-score   support

      failed       0.61      0.58      0.59     21532
  successful       0.60      0.64      0.62     21571

    accuracy                           0.61     43103
   macro avg       0.61      0.61      0.61     43103
weighted avg       0.61      0.61      0.61     43103

Test set F1 (weighted average): 0.6065 

Confusion matrix
(rows = true index value for category 
 columns = predicted index value for category)
[[12390  9142]
 [ 7800 13771]]

Label integers to category words:
{0: 'failed', 1: 'successful'} 

NEURAL NETWORK MODELING COMPLETE

TensorFlow/Keras environment for this work:
Numpy version:  1.19.2
TensorFlow version:  2.3.1
TensorFlow was built with CUDA:  False
TensorFlow running with GPU:  False
Keras version:  2.4.0
Load into http://projector.tensorflow.org/ to view embeddings

RUN COMPLETE

