Text Classification with Neural Networks

TensorFlow/Keras environment for this work:
Numpy version:  1.19.2
TensorFlow version:  2.3.1
TensorFlow was built with CUDA:  False
TensorFlow running with GPU:  False
Keras version:  2.4.0
   Unnamed: 0                                              blurb       state
0           1  Using their own character, users go on educati...      failed
1           2  MicroFly is a quadcopter packed with WiFi, 6 s...  successful
2           3  A small indie press, run as a collective for a...      failed
3           4  Zylor is a new baby cosplayer! Back this kicks...      failed
4           5  Hatoful Boyfriend meet Skeletons! A comedy Dat...      failed
Index(['Unnamed: 0', 'blurb', 'state'], dtype='object')
Training vocabulary size with one out-of-vocabulary item:  82785

Integer codes for category labels:
{'successful': 0, 'failed': 1}

Label integers to category words:
{0: 'successful', 1: 'failed'}

Epoch-by-Epoch Training Process
Epoch 1/100
4063/4063 - 26s - loss: 0.6606 - accuracy: 0.5868 - val_loss: 0.6136 - val_accuracy: 0.6598
Epoch 2/100
4063/4063 - 26s - loss: 0.6031 - accuracy: 0.6759 - val_loss: 0.6034 - val_accuracy: 0.6714
Epoch 3/100
4063/4063 - 27s - loss: 0.5913 - accuracy: 0.6875 - val_loss: 0.6034 - val_accuracy: 0.6690
Epoch 4/100
4063/4063 - 26s - loss: 0.5843 - accuracy: 0.6929 - val_loss: 0.6016 - val_accuracy: 0.6696

Time of execution for training (seconds):    106.462

Full training set accuracy: 0.7038 

Hold-out test set accuracy: 0.6663
{'loss': [0.6605820059776306, 0.6031411290168762, 0.5913323760032654, 0.5842502117156982], 'accuracy': [0.5868076682090759, 0.6759461760520935, 0.687515377998352, 0.692876935005188], 'val_loss': [0.6135640740394592, 0.603386402130127, 0.6033968925476074, 0.6015869975090027], 'val_accuracy': [0.6597736477851868, 0.6713510751724243, 0.669040322303772, 0.6696298122406006]}

Classification Report for Hold-out Test Set:

              precision    recall  f1-score   support

  successful       0.64      0.76      0.70     21571
      failed       0.70      0.57      0.63     21532

    accuracy                           0.67     43103
   macro avg       0.67      0.67      0.66     43103
weighted avg       0.67      0.67      0.66     43103

Test set F1 (weighted average): 0.6632 

Confusion matrix
(rows = true index value for category 
 columns = predicted index value for category)
[[16416  5155]
 [ 9230 12302]]

Label integers to category words:
{0: 'successful', 1: 'failed'} 

Word embeddings matrix dimensions (vocab_size, embeddings_dim):  (5000, 8) 

NEURAL NETWORK MODELING COMPLETE

TensorFlow/Keras environment for this work:
Numpy version:  1.19.2
TensorFlow version:  2.3.1
TensorFlow was built with CUDA:  False
TensorFlow running with GPU:  False
Keras version:  2.4.0

Word embeddings (TSV file of vectors):   GRU|WORD_EMBEDDINGS|DROPOUT=0.2|file_embeddings_out.tsv
Vocabulary words (TSV file of metadata):  GRU|WORD_EMBEDDINGS|DROPOUT=0.2|file_words_out.tsv
Load into http://projector.tensorflow.org/ to view embeddings

RUN COMPLETE

