Text Classification with Neural Networks

TensorFlow/Keras environment for this work:
Numpy version:  1.19.2
TensorFlow version:  2.3.1
TensorFlow was built with CUDA:  False
TensorFlow running with GPU:  False
Keras version:  2.4.0
   Unnamed: 0                                              blurb       state
0           1  Using their own character, users go on educati...      failed
1           2  MicroFly is a quadcopter packed with WiFi, 6 s...  successful
2           3  A small indie press, run as a collective for a...      failed
3           4  Zylor is a new baby cosplayer! Back this kicks...      failed
4           5  Hatoful Boyfriend meet Skeletons! A comedy Dat...      failed
Index(['Unnamed: 0', 'blurb', 'state'], dtype='object')
Training vocabulary size with one out-of-vocabulary item:  82785

Integer codes for category labels:
{'failed': 0, 'successful': 1}

Label integers to category words:
{0: 'failed', 1: 'successful'}

Epoch-by-Epoch Training Process
Epoch 1/100
4063/4063 - 57s - loss: 0.6747 - accuracy: 0.5664 - val_loss: 0.6541 - val_accuracy: 0.6078
Epoch 2/100
4063/4063 - 56s - loss: 0.6493 - accuracy: 0.6171 - val_loss: 0.6477 - val_accuracy: 0.6143
Epoch 3/100
4063/4063 - 56s - loss: 0.6468 - accuracy: 0.6192 - val_loss: 0.6477 - val_accuracy: 0.6158

Time of execution for training (seconds):    169.076

Full training set accuracy: 0.6190 

Hold-out test set accuracy: 0.6150
{'loss': [0.6747263669967651, 0.649297833442688, 0.6468428373336792], 'accuracy': [0.5663999915122986, 0.6171000003814697, 0.6192384362220764], 'val_loss': [0.6540523171424866, 0.6476816534996033, 0.6477223634719849], 'val_accuracy': [0.6077576279640198, 0.6143126487731934, 0.6157745718955994]}

Classification Report for Hold-out Test Set:

              precision    recall  f1-score   support

      failed       0.69      0.42      0.52     21532
  successful       0.58      0.81      0.68     21571

    accuracy                           0.62     43103
   macro avg       0.64      0.61      0.60     43103
weighted avg       0.64      0.62      0.60     43103

Test set F1 (weighted average): 0.6001 

Confusion matrix
(rows = true index value for category 
 columns = predicted index value for category)
[[ 9078 12454]
 [ 4139 17432]]

Label integers to category words:
{0: 'failed', 1: 'successful'} 

NEURAL NETWORK MODELING COMPLETE

TensorFlow/Keras environment for this work:
Numpy version:  1.19.2
TensorFlow version:  2.3.1
TensorFlow was built with CUDA:  False
TensorFlow running with GPU:  False
Keras version:  2.4.0
Load into http://projector.tensorflow.org/ to view embeddings

RUN COMPLETE

