Text Classification with Neural Networks

TensorFlow/Keras environment for this work:
Numpy version:  1.19.2
TensorFlow version:  2.3.1
TensorFlow was built with CUDA:  False
TensorFlow running with GPU:  False
Keras version:  2.4.0
   Unnamed: 0                                              blurb       state
0           1  Using their own character, users go on educati...      failed
1           2  MicroFly is a quadcopter packed with WiFi, 6 s...  successful
2           3  A small indie press, run as a collective for a...      failed
3           4  Zylor is a new baby cosplayer! Back this kicks...      failed
4           5  Hatoful Boyfriend meet Skeletons! A comedy Dat...      failed
Index(['Unnamed: 0', 'blurb', 'state'], dtype='object')
Training vocabulary size with one out-of-vocabulary item:  82785

Integer codes for category labels:
{'successful': 0, 'failed': 1}

Label integers to category words:
{0: 'successful', 1: 'failed'}

Epoch-by-Epoch Training Process
Epoch 1/100
4063/4063 - 56s - loss: 0.6929 - accuracy: 0.5068 - val_loss: 0.6917 - val_accuracy: 0.5275
Epoch 2/100
4063/4063 - 56s - loss: 0.6799 - accuracy: 0.5539 - val_loss: 0.6596 - val_accuracy: 0.6227
Epoch 3/100
4063/4063 - 56s - loss: 0.6639 - accuracy: 0.5871 - val_loss: 0.6570 - val_accuracy: 0.6050
Epoch 4/100
4063/4063 - 56s - loss: 0.6608 - accuracy: 0.5932 - val_loss: 0.6541 - val_accuracy: 0.6151

Time of execution for training (seconds):    225.015

Full training set accuracy: 0.6180 

Hold-out test set accuracy: 0.6137
{'loss': [0.6928842663764954, 0.6798505187034607, 0.6638630628585815, 0.6607862710952759], 'accuracy': [0.5068153738975525, 0.5539230704307556, 0.5871230959892273, 0.5932230949401855], 'val_loss': [0.6917256116867065, 0.6595613360404968, 0.6569669842720032, 0.6540535092353821], 'val_accuracy': [0.5274699330329895, 0.6226597428321838, 0.6050459742546082, 0.6150907874107361]}

Classification Report for Hold-out Test Set:

              precision    recall  f1-score   support

  successful       0.58      0.80      0.68     21571
      failed       0.68      0.42      0.52     21532

    accuracy                           0.61     43103
   macro avg       0.63      0.61      0.60     43103
weighted avg       0.63      0.61      0.60     43103

Test set F1 (weighted average): 0.5994 

Confusion matrix
(rows = true index value for category 
 columns = predicted index value for category)
[[17319  4252]
 [12397  9135]]

Label integers to category words:
{0: 'successful', 1: 'failed'} 

NEURAL NETWORK MODELING COMPLETE

TensorFlow/Keras environment for this work:
Numpy version:  1.19.2
TensorFlow version:  2.3.1
TensorFlow was built with CUDA:  False
TensorFlow running with GPU:  False
Keras version:  2.4.0
Load into http://projector.tensorflow.org/ to view embeddings

RUN COMPLETE

