Text Classification with Neural Networks

TensorFlow/Keras environment for this work:
Numpy version:  1.19.2
TensorFlow version:  2.3.1
TensorFlow was built with CUDA:  False
TensorFlow running with GPU:  False
Keras version:  2.4.0
   Unnamed: 0                                              blurb       state
0           1  Using their own character, users go on educati...      failed
1           2  MicroFly is a quadcopter packed with WiFi, 6 s...  successful
2           3  A small indie press, run as a collective for a...      failed
3           4  Zylor is a new baby cosplayer! Back this kicks...      failed
4           5  Hatoful Boyfriend meet Skeletons! A comedy Dat...      failed
Index(['Unnamed: 0', 'blurb', 'state'], dtype='object')
Training vocabulary size with one out-of-vocabulary item:  82785

Integer codes for category labels:
{'successful': 0, 'failed': 1}

Label integers to category words:
{0: 'successful', 1: 'failed'}

Epoch-by-Epoch Training Process
Epoch 1/100
4063/4063 - 56s - loss: 0.6640 - accuracy: 0.5855 - val_loss: 0.6459 - val_accuracy: 0.6192
Epoch 2/100
4063/4063 - 56s - loss: 0.6415 - accuracy: 0.6238 - val_loss: 0.6437 - val_accuracy: 0.6206
Epoch 3/100
4063/4063 - 56s - loss: 0.6392 - accuracy: 0.6264 - val_loss: 0.6424 - val_accuracy: 0.6220

Time of execution for training (seconds):    169.325

Full training set accuracy: 0.6255 

Hold-out test set accuracy: 0.6207
{'loss': [0.6640100479125977, 0.6415356397628784, 0.6392278671264648], 'accuracy': [0.5854769349098206, 0.623769223690033, 0.6263692378997803], 'val_loss': [0.6458568572998047, 0.6437476277351379, 0.6424354314804077], 'val_accuracy': [0.6191700100898743, 0.6205611824989319, 0.6220231056213379]}

Classification Report for Hold-out Test Set:

              precision    recall  f1-score   support

  successful       0.59      0.77      0.67     21571
      failed       0.67      0.47      0.55     21532

    accuracy                           0.62     43103
   macro avg       0.63      0.62      0.61     43103
weighted avg       0.63      0.62      0.61     43103

Test set F1 (weighted average): 0.6120 

Confusion matrix
(rows = true index value for category 
 columns = predicted index value for category)
[[16595  4976]
 [11375 10157]]

Label integers to category words:
{0: 'successful', 1: 'failed'} 

NEURAL NETWORK MODELING COMPLETE

TensorFlow/Keras environment for this work:
Numpy version:  1.19.2
TensorFlow version:  2.3.1
TensorFlow was built with CUDA:  False
TensorFlow running with GPU:  False
Keras version:  2.4.0
Load into http://projector.tensorflow.org/ to view embeddings

RUN COMPLETE

