Text Classification with Neural Networks

TensorFlow/Keras environment for this work:
Numpy version:  1.19.2
TensorFlow version:  2.3.1
TensorFlow was built with CUDA:  False
TensorFlow running with GPU:  False
Keras version:  2.4.0
   Unnamed: 0                                              blurb       state
0           1  Using their own character, users go on educati...      failed
1           2  MicroFly is a quadcopter packed with WiFi, 6 s...  successful
2           3  A small indie press, run as a collective for a...      failed
3           4  Zylor is a new baby cosplayer! Back this kicks...      failed
4           5  Hatoful Boyfriend meet Skeletons! A comedy Dat...      failed
Index(['Unnamed: 0', 'blurb', 'state'], dtype='object')
Training vocabulary size with one out-of-vocabulary item:  82785

Integer codes for category labels:
{'failed': 0, 'successful': 1}

Label integers to category words:
{0: 'failed', 1: 'successful'}

Epoch-by-Epoch Training Process
Epoch 1/100
4063/4063 - 27s - loss: 0.6735 - accuracy: 0.5645 - val_loss: 0.6244 - val_accuracy: 0.6564
Epoch 2/100
4063/4063 - 32s - loss: 0.6194 - accuracy: 0.6631 - val_loss: 0.6067 - val_accuracy: 0.6719
Epoch 3/100
4063/4063 - 29s - loss: 0.6077 - accuracy: 0.6790 - val_loss: 0.6014 - val_accuracy: 0.6732
Epoch 4/100
4063/4063 - 28s - loss: 0.6029 - accuracy: 0.6847 - val_loss: 0.6016 - val_accuracy: 0.6733

Time of execution for training (seconds):    116.719

Full training set accuracy: 0.7094 

Hold-out test set accuracy: 0.6680
{'loss': [0.6734570860862732, 0.6193833351135254, 0.6076963543891907, 0.6028675436973572], 'accuracy': [0.5644999742507935, 0.6630846261978149, 0.6790000200271606, 0.6847230792045593], 'val_loss': [0.6244116425514221, 0.6067010760307312, 0.6014084815979004, 0.6015668511390686], 'val_accuracy': [0.6564018130302429, 0.6719170212745667, 0.6731902956962585, 0.6733081936836243]}

Classification Report for Hold-out Test Set:

              precision    recall  f1-score   support

      failed       0.66      0.69      0.67     21532
  successful       0.68      0.65      0.66     21571

    accuracy                           0.67     43103
   macro avg       0.67      0.67      0.67     43103
weighted avg       0.67      0.67      0.67     43103

Test set F1 (weighted average): 0.6679 

Confusion matrix
(rows = true index value for category 
 columns = predicted index value for category)
[[14809  6723]
 [ 7588 13983]]

Label integers to category words:
{0: 'failed', 1: 'successful'} 

Word embeddings matrix dimensions (vocab_size, embeddings_dim):  (5000, 8) 

NEURAL NETWORK MODELING COMPLETE

TensorFlow/Keras environment for this work:
Numpy version:  1.19.2
TensorFlow version:  2.3.1
TensorFlow was built with CUDA:  False
TensorFlow running with GPU:  False
Keras version:  2.4.0

Word embeddings (TSV file of vectors):   GRU|WORD_EMBEDDINGS|DROPOUT=0.4|file_embeddings_out.tsv
Vocabulary words (TSV file of metadata):  GRU|WORD_EMBEDDINGS|DROPOUT=0.4|file_words_out.tsv
Load into http://projector.tensorflow.org/ to view embeddings

RUN COMPLETE

