Text Classification with Neural Networks

TensorFlow/Keras environment for this work:
Numpy version:  1.19.2
TensorFlow version:  2.3.1
TensorFlow was built with CUDA:  False
TensorFlow running with GPU:  False
Keras version:  2.4.0
   Unnamed: 0                                              blurb       state
0           1  Using their own character, users go on educati...      failed
1           2  MicroFly is a quadcopter packed with WiFi, 6 s...  successful
2           3  A small indie press, run as a collective for a...      failed
3           4  Zylor is a new baby cosplayer! Back this kicks...      failed
4           5  Hatoful Boyfriend meet Skeletons! A comedy Dat...      failed
Index(['Unnamed: 0', 'blurb', 'state'], dtype='object')
Training vocabulary size with one out-of-vocabulary item:  82785

Integer codes for category labels:
{'successful': 0, 'failed': 1}

Label integers to category words:
{0: 'successful', 1: 'failed'}

Epoch-by-Epoch Training Process
Epoch 1/100
4063/4063 - 56s - loss: 0.6821 - accuracy: 0.5543 - val_loss: 0.6553 - val_accuracy: 0.6156
Epoch 2/100
4063/4063 - 56s - loss: 0.6619 - accuracy: 0.6044 - val_loss: 0.6507 - val_accuracy: 0.6178
Epoch 3/100
4063/4063 - 56s - loss: 0.6590 - accuracy: 0.6087 - val_loss: 0.6486 - val_accuracy: 0.6237

Time of execution for training (seconds):    168.602

Full training set accuracy: 0.6275 

Hold-out test set accuracy: 0.6227
{'loss': [0.6820785403251648, 0.661860466003418, 0.6590167284011841], 'accuracy': [0.5543076992034912, 0.6044384837150574, 0.6087231040000916], 'val_loss': [0.6553423404693604, 0.6506897807121277, 0.6486243605613708], 'val_accuracy': [0.6156331300735474, 0.617825984954834, 0.623673677444458]}

Classification Report for Hold-out Test Set:

              precision    recall  f1-score   support

  successful       0.60      0.72      0.66     21571
      failed       0.65      0.52      0.58     21532

    accuracy                           0.62     43103
   macro avg       0.63      0.62      0.62     43103
weighted avg       0.63      0.62      0.62     43103

Test set F1 (weighted average): 0.6187 

Confusion matrix
(rows = true index value for category 
 columns = predicted index value for category)
[[15627  5944]
 [10319 11213]]

Label integers to category words:
{0: 'successful', 1: 'failed'} 

NEURAL NETWORK MODELING COMPLETE

TensorFlow/Keras environment for this work:
Numpy version:  1.19.2
TensorFlow version:  2.3.1
TensorFlow was built with CUDA:  False
TensorFlow running with GPU:  False
Keras version:  2.4.0
Load into http://projector.tensorflow.org/ to view embeddings

RUN COMPLETE

