Text Classification with Neural Networks

TensorFlow/Keras environment for this work:
Numpy version:  1.19.2
TensorFlow version:  2.3.1
TensorFlow was built with CUDA:  False
TensorFlow running with GPU:  False
Keras version:  2.4.0
   Unnamed: 0                                              blurb       state
0           1  Using their own character, users go on educati...      failed
1           2  MicroFly is a quadcopter packed with WiFi, 6 s...  successful
2           3  A small indie press, run as a collective for a...      failed
3           4  Zylor is a new baby cosplayer! Back this kicks...      failed
4           5  Hatoful Boyfriend meet Skeletons! A comedy Dat...      failed
Index(['Unnamed: 0', 'blurb', 'state'], dtype='object')
Training vocabulary size with one out-of-vocabulary item:  82785

Integer codes for category labels:
{'failed': 0, 'successful': 1}

Label integers to category words:
{0: 'failed', 1: 'successful'}

Epoch-by-Epoch Training Process
Epoch 1/100
4063/4063 - 56s - loss: 0.6643 - accuracy: 0.5940 - val_loss: 0.6502 - val_accuracy: 0.6091
Epoch 2/100
4063/4063 - 55s - loss: 0.6499 - accuracy: 0.6178 - val_loss: 0.6463 - val_accuracy: 0.6159
Epoch 3/100
4063/4063 - 55s - loss: 0.6467 - accuracy: 0.6217 - val_loss: 0.6476 - val_accuracy: 0.6155

Time of execution for training (seconds):    167.116

Full training set accuracy: 0.6206 

Hold-out test set accuracy: 0.6151
{'loss': [0.664260983467102, 0.649890124797821, 0.6466925740242004], 'accuracy': [0.5940384864807129, 0.6177923083305359, 0.6216692328453064], 'val_loss': [0.6501902937889099, 0.6463174819946289, 0.6475996375083923], 'val_accuracy': [0.6091016530990601, 0.6158689260482788, 0.6155387759208679]}

Classification Report for Hold-out Test Set:

              precision    recall  f1-score   support

      failed       0.68      0.43      0.53     21532
  successful       0.58      0.80      0.67     21571

    accuracy                           0.62     43103
   macro avg       0.63      0.61      0.60     43103
weighted avg       0.63      0.62      0.60     43103

Test set F1 (weighted average): 0.6018 

Confusion matrix
(rows = true index value for category 
 columns = predicted index value for category)
[[ 9300 12232]
 [ 4357 17214]]

Label integers to category words:
{0: 'failed', 1: 'successful'} 

NEURAL NETWORK MODELING COMPLETE

TensorFlow/Keras environment for this work:
Numpy version:  1.19.2
TensorFlow version:  2.3.1
TensorFlow was built with CUDA:  False
TensorFlow running with GPU:  False
Keras version:  2.4.0
Load into http://projector.tensorflow.org/ to view embeddings

RUN COMPLETE

